2020-07-07 16:06:09 startup archives unpack
2020-07-07 16:06:09 upgrade linux-base:all 4.5ubuntu1.1 4.5ubuntu1.2
2020-07-07 16:06:09 status half-configured linux-base:all 4.5ubuntu1.1
2020-07-07 16:06:09 status unpacked linux-base:all 4.5ubuntu1.1
2020-07-07 16:06:09 status half-installed linux-base:all 4.5ubuntu1.1
2020-07-07 16:06:09 status triggers-pending man-db:amd64 2.8.3-2ubuntu0.1
2020-07-07 16:06:09 status half-installed linux-base:all 4.5ubuntu1.1
2020-07-07 16:06:09 status unpacked linux-base:all 4.5ubuntu1.2
2020-07-07 16:06:09 status unpacked linux-base:all 4.5ubuntu1.2
2020-07-07 16:06:09 startup packages configure
2020-07-07 16:06:10 configure linux-base:all 4.5ubuntu1.2 <none>
2020-07-07 16:06:10 status unpacked linux-base:all 4.5ubuntu1.2
2020-07-07 16:06:10 status half-configured linux-base:all 4.5ubuntu1.2
2020-07-07 16:06:10 status installed linux-base:all 4.5ubuntu1.2
2020-07-07 16:06:10 trigproc man-db:amd64 2.8.3-2ubuntu0.1 <none>
2020-07-07 16:06:10 status half-configured man-db:amd64 2.8.3-2ubuntu0.1
2020-07-07 16:06:10 status installed man-db:amd64 2.8.3-2ubuntu0.1
2020-07-08 13:05:03 startup archives unpack
2020-07-08 13:05:03 upgrade libc-bin:amd64 2.27-3ubuntu1 2.27-3ubuntu1.2
2020-07-08 13:05:03 status half-configured libc-bin:amd64 2.27-3ubuntu1
2020-07-08 13:05:03 status unpacked libc-bin:amd64 2.27-3ubuntu1
2020-07-08 13:05:03 status half-installed libc-bin:amd64 2.27-3ubuntu1
2020-07-08 13:05:03 status triggers-pending man-db:amd64 2.8.3-2ubuntu0.1
2020-07-08 13:05:03 status half-installed libc-bin:amd64 2.27-3ubuntu1
2020-07-08 13:05:03 status unpacked libc-bin:amd64 2.27-3ubuntu1.2
2020-07-08 13:05:03 status unpacked libc-bin:amd64 2.27-3ubuntu1.2
2020-07-08 13:05:03 startup packages configure
2020-07-08 13:05:03 configure libc-bin:amd64 2.27-3ubuntu1.2 <none>
2020-07-08 13:05:03 status unpacked libc-bin:amd64 2.27-3ubuntu1.2
2020-07-08 13:05:03 status unpacked libc-bin:amd64 2.27-3ubuntu1.2
2020-07-08 13:05:03 status unpacked libc-bin:amd64 2.27-3ubuntu1.2
2020-07-08 13:05:03 status unpacked libc-bin:amd64 2.27-3ubuntu1.2
2020-07-08 13:05:03 status unpacked libc-bin:amd64 2.27-3ubuntu1.2
2020-07-08 13:05:03 status unpacked libc-bin:amd64 2.27-3ubuntu1.2
2020-07-08 13:05:03 status half-configured libc-bin:amd64 2.27-3ubuntu1.2
2020-07-08 13:05:03 status installed libc-bin:amd64 2.27-3ubuntu1.2
2020-07-08 13:05:03 startup packages configure
2020-07-08 13:05:03 trigproc man-db:amd64 2.8.3-2ubuntu0.1 <none>
2020-07-08 13:05:03 status half-configured man-db:amd64 2.8.3-2ubuntu0.1
2020-07-08 13:05:03 status installed man-db:amd64 2.8.3-2ubuntu0.1
2020-07-08 13:05:06 startup archives unpack
2020-07-08 13:05:06 upgrade locales:all 2.27-3ubuntu1 2.27-3ubuntu1.2
2020-07-08 13:05:06 status half-configured locales:all 2.27-3ubuntu1
2020-07-08 13:05:06 status unpacked locales:all 2.27-3ubuntu1
2020-07-08 13:05:06 status half-installed locales:all 2.27-3ubuntu1
2020-07-08 13:05:06 status triggers-pending man-db:amd64 2.8.3-2ubuntu0.1
2020-07-08 13:05:06 status half-installed locales:all 2.27-3ubuntu1
2020-07-08 13:05:06 status unpacked locales:all 2.27-3ubuntu1.2
2020-07-08 13:05:06 status unpacked locales:all 2.27-3ubuntu1.2
2020-07-08 13:05:06 startup packages configure
2020-07-08 13:05:06 configure locales:all 2.27-3ubuntu1.2 <none>
2020-07-08 13:05:06 status unpacked locales:all 2.27-3ubuntu1.2
2020-07-08 13:05:06 status unpacked locales:all 2.27-3ubuntu1.2
2020-07-08 13:05:06 status half-configured locales:all 2.27-3ubuntu1.2
2020-07-08 13:05:08 status installed locales:all 2.27-3ubuntu1.2
2020-07-08 13:05:08 trigproc man-db:amd64 2.8.3-2ubuntu0.1 <none>
2020-07-08 13:05:08 status half-configured man-db:amd64 2.8.3-2ubuntu0.1
2020-07-08 13:05:08 status installed man-db:amd64 2.8.3-2ubuntu0.1
2020-07-08 13:05:10 startup archives unpack
2020-07-08 13:05:10 upgrade multiarch-support:amd64 2.27-3ubuntu1 2.27-3ubuntu1.2
2020-07-08 13:05:10 status half-configured multiarch-support:amd64 2.27-3ubuntu1
2020-07-08 13:05:10 status unpacked multiarch-support:amd64 2.27-3ubuntu1
2020-07-08 13:05:10 status half-installed multiarch-support:amd64 2.27-3ubuntu1
2020-07-08 13:05:10 status half-installed multiarch-support:amd64 2.27-3ubuntu1
2020-07-08 13:05:10 status unpacked multiarch-support:amd64 2.27-3ubuntu1.2
2020-07-08 13:05:10 status unpacked multiarch-support:amd64 2.27-3ubuntu1.2
2020-07-08 13:05:10 startup packages configure
2020-07-08 13:05:10 configure multiarch-support:amd64 2.27-3ubuntu1.2 <none>
2020-07-08 13:05:10 status unpacked multiarch-support:amd64 2.27-3ubuntu1.2
2020-07-08 13:05:10 status half-configured multiarch-support:amd64 2.27-3ubuntu1.2
2020-07-08 13:05:10 status installed multiarch-support:amd64 2.27-3ubuntu1.2
2020-07-08 13:05:12 startup archives unpack
2020-07-08 13:05:12 upgrade python3-httplib2:all 0.9.2+dfsg-1ubuntu0.1 0.9.2+dfsg-1ubuntu0.2
2020-07-08 13:05:12 status half-configured python3-httplib2:all 0.9.2+dfsg-1ubuntu0.1
2020-07-08 13:05:12 status unpacked python3-httplib2:all 0.9.2+dfsg-1ubuntu0.1
2020-07-08 13:05:12 status half-installed python3-httplib2:all 0.9.2+dfsg-1ubuntu0.1
2020-07-08 13:05:12 status half-installed python3-httplib2:all 0.9.2+dfsg-1ubuntu0.1
2020-07-08 13:05:12 status unpacked python3-httplib2:all 0.9.2+dfsg-1ubuntu0.2
2020-07-08 13:05:12 status unpacked python3-httplib2:all 0.9.2+dfsg-1ubuntu0.2
2020-07-08 13:05:12 startup packages configure
2020-07-08 13:05:12 configure python3-httplib2:all 0.9.2+dfsg-1ubuntu0.2 <none>
2020-07-08 13:05:12 status unpacked python3-httplib2:all 0.9.2+dfsg-1ubuntu0.2
2020-07-08 13:05:12 status half-configured python3-httplib2:all 0.9.2+dfsg-1ubuntu0.2
2020-07-08 13:05:12 status installed python3-httplib2:all 0.9.2+dfsg-1ubuntu0.2
2020-07-08 13:05:14 startup archives unpack
2020-07-08 13:05:14 upgrade libc6-dev:amd64 2.27-3ubuntu1 2.27-3ubuntu1.2
2020-07-08 13:05:14 status half-configured libc6-dev:amd64 2.27-3ubuntu1
2020-07-08 13:05:14 status unpacked libc6-dev:amd64 2.27-3ubuntu1
2020-07-08 13:05:14 status half-installed libc6-dev:amd64 2.27-3ubuntu1
2020-07-08 13:05:15 status half-installed libc6-dev:amd64 2.27-3ubuntu1
2020-07-08 13:05:15 status unpacked libc6-dev:amd64 2.27-3ubuntu1.2
2020-07-08 13:05:15 status unpacked libc6-dev:amd64 2.27-3ubuntu1.2
2020-07-08 13:05:15 upgrade libc-dev-bin:amd64 2.27-3ubuntu1 2.27-3ubuntu1.2
2020-07-08 13:05:15 status half-configured libc-dev-bin:amd64 2.27-3ubuntu1
2020-07-08 13:05:15 status unpacked libc-dev-bin:amd64 2.27-3ubuntu1
2020-07-08 13:05:15 status half-installed libc-dev-bin:amd64 2.27-3ubuntu1
2020-07-08 13:05:15 status triggers-pending man-db:amd64 2.8.3-2ubuntu0.1
2020-07-08 13:05:15 status half-installed libc-dev-bin:amd64 2.27-3ubuntu1
2020-07-08 13:05:15 status unpacked libc-dev-bin:amd64 2.27-3ubuntu1.2
2020-07-08 13:05:15 status unpacked libc-dev-bin:amd64 2.27-3ubuntu1.2
2020-07-08 13:05:15 upgrade libc6-dbg:amd64 2.27-3ubuntu1 2.27-3ubuntu1.2
2020-07-08 13:05:15 status half-configured libc6-dbg:amd64 2.27-3ubuntu1
2020-07-08 13:05:15 status unpacked libc6-dbg:amd64 2.27-3ubuntu1
2020-07-08 13:05:15 status half-installed libc6-dbg:amd64 2.27-3ubuntu1
2020-07-08 13:05:16 status half-installed libc6-dbg:amd64 2.27-3ubuntu1
2020-07-08 13:05:16 status unpacked libc6-dbg:amd64 2.27-3ubuntu1.2
2020-07-08 13:05:16 status unpacked libc6-dbg:amd64 2.27-3ubuntu1.2
2020-07-08 13:05:16 upgrade libc6:amd64 2.27-3ubuntu1 2.27-3ubuntu1.2
2020-07-08 13:05:16 status triggers-pending libc-bin:amd64 2.27-3ubuntu1.2
2020-07-08 13:05:16 status half-configured libc6:amd64 2.27-3ubuntu1
2020-07-08 13:05:16 status unpacked libc6:amd64 2.27-3ubuntu1
2020-07-08 13:05:16 status half-installed libc6:amd64 2.27-3ubuntu1
2020-07-08 13:05:16 status half-installed libc6:amd64 2.27-3ubuntu1
2020-07-08 13:05:16 status unpacked libc6:amd64 2.27-3ubuntu1.2
2020-07-08 13:05:16 status unpacked libc6:amd64 2.27-3ubuntu1.2
2020-07-08 13:05:16 startup packages configure
2020-07-08 13:05:16 configure libc6:amd64 2.27-3ubuntu1.2 <none>
2020-07-08 13:05:16 status unpacked libc6:amd64 2.27-3ubuntu1.2
2020-07-08 13:05:16 status unpacked libc6:amd64 2.27-3ubuntu1.2
2020-07-08 13:05:16 status half-configured libc6:amd64 2.27-3ubuntu1.2
2020-07-08 13:05:16 status installed libc6:amd64 2.27-3ubuntu1.2
2020-07-08 13:05:16 startup packages configure
2020-07-08 13:05:16 configure libc6-dbg:amd64 2.27-3ubuntu1.2 <none>
2020-07-08 13:05:16 status unpacked libc6-dbg:amd64 2.27-3ubuntu1.2
2020-07-08 13:05:16 status half-configured libc6-dbg:amd64 2.27-3ubuntu1.2
2020-07-08 13:05:16 status installed libc6-dbg:amd64 2.27-3ubuntu1.2
2020-07-08 13:05:16 configure libc-dev-bin:amd64 2.27-3ubuntu1.2 <none>
2020-07-08 13:05:16 status unpacked libc-dev-bin:amd64 2.27-3ubuntu1.2
2020-07-08 13:05:16 status half-configured libc-dev-bin:amd64 2.27-3ubuntu1.2
2020-07-08 13:05:16 status installed libc-dev-bin:amd64 2.27-3ubuntu1.2
2020-07-08 13:05:16 configure libc6-dev:amd64 2.27-3ubuntu1.2 <none>
2020-07-08 13:05:16 status unpacked libc6-dev:amd64 2.27-3ubuntu1.2
2020-07-08 13:05:16 status half-configured libc6-dev:amd64 2.27-3ubuntu1.2
2020-07-08 13:05:16 status installed libc6-dev:amd64 2.27-3ubuntu1.2
2020-07-08 13:05:16 trigproc man-db:amd64 2.8.3-2ubuntu0.1 <none>
2020-07-08 13:05:16 status half-configured man-db:amd64 2.8.3-2ubuntu0.1
2020-07-08 13:05:17 status installed man-db:amd64 2.8.3-2ubuntu0.1
2020-07-08 13:05:17 trigproc libc-bin:amd64 2.27-3ubuntu1.2 <none>
2020-07-08 13:05:17 status half-configured libc-bin:amd64 2.27-3ubuntu1.2
2020-07-08 13:05:17 status installed libc-bin:amd64 2.27-3ubuntu1.2
2020-07-15 13:27:34 startup archives unpack
2020-07-15 13:27:35 upgrade linux-libc-dev:amd64 4.15.0-109.110 4.15.0-111.112
2020-07-15 13:27:35 status half-configured linux-libc-dev:amd64 4.15.0-109.110
2020-07-15 13:27:35 status unpacked linux-libc-dev:amd64 4.15.0-109.110
2020-07-15 13:27:35 status half-installed linux-libc-dev:amd64 4.15.0-109.110
2020-07-15 13:27:35 status half-installed linux-libc-dev:amd64 4.15.0-109.110
2020-07-15 13:27:35 status unpacked linux-libc-dev:amd64 4.15.0-111.112
2020-07-15 13:27:35 status unpacked linux-libc-dev:amd64 4.15.0-111.112
2020-07-15 13:27:35 startup packages configure
2020-07-15 13:27:35 configure linux-libc-dev:amd64 4.15.0-111.112 <none>
2020-07-15 13:27:35 status unpacked linux-libc-dev:amd64 4.15.0-111.112
2020-07-15 13:27:35 status half-configured linux-libc-dev:amd64 4.15.0-111.112
2020-07-15 13:27:35 status installed linux-libc-dev:amd64 4.15.0-111.112
2020-07-15 13:27:37 startup archives unpack
2020-07-15 13:27:37 install linux-headers-4.15.0-111:all <none> 4.15.0-111.112
2020-07-15 13:27:37 status half-installed linux-headers-4.15.0-111:all 4.15.0-111.112
2020-07-15 13:27:41 status unpacked linux-headers-4.15.0-111:all 4.15.0-111.112
2020-07-15 13:27:41 status unpacked linux-headers-4.15.0-111:all 4.15.0-111.112
2020-07-15 13:27:41 install linux-headers-4.15.0-111-generic:amd64 <none> 4.15.0-111.112
2020-07-15 13:27:41 status half-installed linux-headers-4.15.0-111-generic:amd64 4.15.0-111.112
2020-07-15 13:27:42 status unpacked linux-headers-4.15.0-111-generic:amd64 4.15.0-111.112
2020-07-15 13:27:42 status unpacked linux-headers-4.15.0-111-generic:amd64 4.15.0-111.112
2020-07-15 13:27:42 install linux-modules-4.15.0-111-generic:amd64 <none> 4.15.0-111.112
2020-07-15 13:27:42 status half-installed linux-modules-4.15.0-111-generic:amd64 4.15.0-111.112
2020-07-15 13:27:43 status unpacked linux-modules-4.15.0-111-generic:amd64 4.15.0-111.112
2020-07-15 13:27:44 status unpacked linux-modules-4.15.0-111-generic:amd64 4.15.0-111.112
2020-07-15 13:27:44 install linux-image-4.15.0-111-generic:amd64 <none> 4.15.0-111.112
2020-07-15 13:27:44 status half-installed linux-image-4.15.0-111-generic:amd64 4.15.0-111.112
2020-07-15 13:27:44 status unpacked linux-image-4.15.0-111-generic:amd64 4.15.0-111.112
2020-07-15 13:27:44 status unpacked linux-image-4.15.0-111-generic:amd64 4.15.0-111.112
2020-07-15 13:27:44 upgrade linux-virtual:amd64 4.15.0.109.97 4.15.0.111.99
2020-07-15 13:27:44 status half-configured linux-virtual:amd64 4.15.0.109.97
2020-07-15 13:27:44 status unpacked linux-virtual:amd64 4.15.0.109.97
2020-07-15 13:27:44 status half-installed linux-virtual:amd64 4.15.0.109.97
2020-07-15 13:27:44 status half-installed linux-virtual:amd64 4.15.0.109.97
2020-07-15 13:27:44 status unpacked linux-virtual:amd64 4.15.0.111.99
2020-07-15 13:27:44 status unpacked linux-virtual:amd64 4.15.0.111.99
2020-07-15 13:27:44 upgrade linux-image-virtual:amd64 4.15.0.109.97 4.15.0.111.99
2020-07-15 13:27:44 status half-configured linux-image-virtual:amd64 4.15.0.109.97
2020-07-15 13:27:44 status unpacked linux-image-virtual:amd64 4.15.0.109.97
2020-07-15 13:27:44 status half-installed linux-image-virtual:amd64 4.15.0.109.97
2020-07-15 13:27:44 status half-installed linux-image-virtual:amd64 4.15.0.109.97
2020-07-15 13:27:44 status unpacked linux-image-virtual:amd64 4.15.0.111.99
2020-07-15 13:27:44 status unpacked linux-image-virtual:amd64 4.15.0.111.99
2020-07-15 13:27:44 upgrade linux-headers-virtual:amd64 4.15.0.109.97 4.15.0.111.99
2020-07-15 13:27:44 status half-configured linux-headers-virtual:amd64 4.15.0.109.97
2020-07-15 13:27:44 status unpacked linux-headers-virtual:amd64 4.15.0.109.97
2020-07-15 13:27:44 status half-installed linux-headers-virtual:amd64 4.15.0.109.97
2020-07-15 13:27:44 status half-installed linux-headers-virtual:amd64 4.15.0.109.97
2020-07-15 13:27:44 status unpacked linux-headers-virtual:amd64 4.15.0.111.99
2020-07-15 13:27:44 status unpacked linux-headers-virtual:amd64 4.15.0.111.99
2020-07-15 13:27:44 upgrade linux-headers-generic:amd64 4.15.0.109.97 4.15.0.111.99
2020-07-15 13:27:44 status half-configured linux-headers-generic:amd64 4.15.0.109.97
2020-07-15 13:27:44 status unpacked linux-headers-generic:amd64 4.15.0.109.97
2020-07-15 13:27:44 status half-installed linux-headers-generic:amd64 4.15.0.109.97
2020-07-15 13:27:44 status half-installed linux-headers-generic:amd64 4.15.0.109.97
2020-07-15 13:27:44 status unpacked linux-headers-generic:amd64 4.15.0.111.99
2020-07-15 13:27:44 status unpacked linux-headers-generic:amd64 4.15.0.111.99
2020-07-15 13:27:44 startup packages configure
2020-07-15 13:27:44 configure linux-headers-4.15.0-111:all 4.15.0-111.112 <none>
2020-07-15 13:27:44 status unpacked linux-headers-4.15.0-111:all 4.15.0-111.112
2020-07-15 13:27:44 status half-configured linux-headers-4.15.0-111:all 4.15.0-111.112
2020-07-15 13:27:44 status installed linux-headers-4.15.0-111:all 4.15.0-111.112
2020-07-15 13:27:44 configure linux-modules-4.15.0-111-generic:amd64 4.15.0-111.112 <none>
2020-07-15 13:27:44 status unpacked linux-modules-4.15.0-111-generic:amd64 4.15.0-111.112
2020-07-15 13:27:44 status half-configured linux-modules-4.15.0-111-generic:amd64 4.15.0-111.112
2020-07-15 13:27:45 status installed linux-modules-4.15.0-111-generic:amd64 4.15.0-111.112
2020-07-15 13:27:45 configure linux-image-4.15.0-111-generic:amd64 4.15.0-111.112 <none>
2020-07-15 13:27:45 status unpacked linux-image-4.15.0-111-generic:amd64 4.15.0-111.112
2020-07-15 13:27:45 status half-configured linux-image-4.15.0-111-generic:amd64 4.15.0-111.112
2020-07-15 13:27:45 status installed linux-image-4.15.0-111-generic:amd64 4.15.0-111.112
2020-07-15 13:27:45 status triggers-pending linux-image-4.15.0-111-generic:amd64 4.15.0-111.112
2020-07-15 13:27:45 configure linux-image-virtual:amd64 4.15.0.111.99 <none>
2020-07-15 13:27:45 status unpacked linux-image-virtual:amd64 4.15.0.111.99
2020-07-15 13:27:45 status half-configured linux-image-virtual:amd64 4.15.0.111.99
2020-07-15 13:27:45 status installed linux-image-virtual:amd64 4.15.0.111.99
2020-07-15 13:27:45 configure linux-headers-4.15.0-111-generic:amd64 4.15.0-111.112 <none>
2020-07-15 13:27:45 status unpacked linux-headers-4.15.0-111-generic:amd64 4.15.0-111.112
2020-07-15 13:27:45 status half-configured linux-headers-4.15.0-111-generic:amd64 4.15.0-111.112
2020-07-15 13:27:45 status installed linux-headers-4.15.0-111-generic:amd64 4.15.0-111.112
2020-07-15 13:27:45 configure linux-headers-generic:amd64 4.15.0.111.99 <none>
2020-07-15 13:27:45 status unpacked linux-headers-generic:amd64 4.15.0.111.99
2020-07-15 13:27:45 status half-configured linux-headers-generic:amd64 4.15.0.111.99
2020-07-15 13:27:45 status installed linux-headers-generic:amd64 4.15.0.111.99
2020-07-15 13:27:45 configure linux-headers-virtual:amd64 4.15.0.111.99 <none>
2020-07-15 13:27:45 status unpacked linux-headers-virtual:amd64 4.15.0.111.99
2020-07-15 13:27:45 status half-configured linux-headers-virtual:amd64 4.15.0.111.99
2020-07-15 13:27:45 status installed linux-headers-virtual:amd64 4.15.0.111.99
2020-07-15 13:27:45 configure linux-virtual:amd64 4.15.0.111.99 <none>
2020-07-15 13:27:45 status unpacked linux-virtual:amd64 4.15.0.111.99
2020-07-15 13:27:45 status half-configured linux-virtual:amd64 4.15.0.111.99
2020-07-15 13:27:45 status installed linux-virtual:amd64 4.15.0.111.99
2020-07-15 13:27:45 trigproc linux-image-4.15.0-111-generic:amd64 4.15.0-111.112 <none>
2020-07-15 13:27:45 status half-configured linux-image-4.15.0-111-generic:amd64 4.15.0-111.112
2020-07-15 13:28:13 status installed linux-image-4.15.0-111-generic:amd64 4.15.0-111.112
2020-07-16 16:10:40 startup packages remove
2020-07-16 16:10:40 status installed linux-headers-4.15.0-108-generic:amd64 4.15.0-108.109
2020-07-16 16:10:40 remove linux-headers-4.15.0-108-generic:amd64 4.15.0-108.109 <none>
2020-07-16 16:10:40 status half-configured linux-headers-4.15.0-108-generic:amd64 4.15.0-108.109
2020-07-16 16:10:40 status half-installed linux-headers-4.15.0-108-generic:amd64 4.15.0-108.109
2020-07-16 16:10:41 status config-files linux-headers-4.15.0-108-generic:amd64 4.15.0-108.109
2020-07-16 16:10:41 status config-files linux-headers-4.15.0-108-generic:amd64 4.15.0-108.109
2020-07-16 16:10:41 status config-files linux-headers-4.15.0-108-generic:amd64 4.15.0-108.109
2020-07-16 16:10:41 status not-installed linux-headers-4.15.0-108-generic:amd64 <none>
2020-07-16 16:10:41 status installed linux-headers-4.15.0-108:all 4.15.0-108.109
2020-07-16 16:10:41 remove linux-headers-4.15.0-108:all 4.15.0-108.109 <none>
2020-07-16 16:10:41 status half-configured linux-headers-4.15.0-108:all 4.15.0-108.109
2020-07-16 16:10:41 status half-installed linux-headers-4.15.0-108:all 4.15.0-108.109
2020-07-16 16:10:43 status config-files linux-headers-4.15.0-108:all 4.15.0-108.109
2020-07-16 16:10:43 status config-files linux-headers-4.15.0-108:all 4.15.0-108.109
2020-07-16 16:10:43 status config-files linux-headers-4.15.0-108:all 4.15.0-108.109
2020-07-16 16:10:43 status not-installed linux-headers-4.15.0-108:all <none>
2020-07-16 16:10:43 startup packages configure
2020-07-16 16:10:44 startup packages remove
2020-07-16 16:10:44 status installed linux-image-4.15.0-108-generic:amd64 4.15.0-108.109
2020-07-16 16:10:45 remove linux-image-4.15.0-108-generic:amd64 4.15.0-108.109 <none>
2020-07-16 16:10:45 status half-configured linux-image-4.15.0-108-generic:amd64 4.15.0-108.109
2020-07-16 16:10:45 status half-installed linux-image-4.15.0-108-generic:amd64 4.15.0-108.109
2020-07-16 16:10:47 status config-files linux-image-4.15.0-108-generic:amd64 4.15.0-108.109
2020-07-16 16:10:47 status config-files linux-image-4.15.0-108-generic:amd64 4.15.0-108.109
2020-07-16 16:10:47 startup packages configure
2020-07-16 16:10:49 startup packages remove
2020-07-16 16:10:49 status installed linux-modules-4.15.0-108-generic:amd64 4.15.0-108.109
2020-07-16 16:10:49 remove linux-modules-4.15.0-108-generic:amd64 4.15.0-108.109 <none>
2020-07-16 16:10:49 status half-configured linux-modules-4.15.0-108-generic:amd64 4.15.0-108.109
2020-07-16 16:10:49 status half-installed linux-modules-4.15.0-108-generic:amd64 4.15.0-108.109
2020-07-16 16:10:49 status config-files linux-modules-4.15.0-108-generic:amd64 4.15.0-108.109
2020-07-16 16:10:49 status config-files linux-modules-4.15.0-108-generic:amd64 4.15.0-108.109
2020-07-16 16:10:49 startup packages configure
2020-07-16 16:10:51 startup archives unpack
2020-07-16 16:10:52 upgrade snapd:amd64 2.42.1+18.04 2.45.1+18.04.2
2020-07-16 16:10:52 status half-configured snapd:amd64 2.42.1+18.04
2020-07-16 16:10:52 status unpacked snapd:amd64 2.42.1+18.04
2020-07-16 16:10:52 status half-installed snapd:amd64 2.42.1+18.04
2020-07-16 16:10:54 status triggers-pending mime-support:all 3.60ubuntu1
2020-07-16 16:10:54 status triggers-pending man-db:amd64 2.8.3-2ubuntu0.1
2020-07-16 16:10:54 status half-installed snapd:amd64 2.42.1+18.04
2020-07-16 16:10:54 status unpacked snapd:amd64 2.45.1+18.04.2
2020-07-16 16:10:54 status unpacked snapd:amd64 2.45.1+18.04.2
2020-07-16 16:10:54 startup packages configure
2020-07-16 16:10:54 configure snapd:amd64 2.45.1+18.04.2 <none>
2020-07-16 16:10:54 status unpacked snapd:amd64 2.45.1+18.04.2
2020-07-16 16:10:54 status unpacked snapd:amd64 2.45.1+18.04.2
2020-07-16 16:10:54 status unpacked snapd:amd64 2.45.1+18.04.2
2020-07-16 16:10:54 status unpacked snapd:amd64 2.45.1+18.04.2
2020-07-16 16:10:54 status unpacked snapd:amd64 2.45.1+18.04.2
2020-07-16 16:10:54 status unpacked snapd:amd64 2.45.1+18.04.2
2020-07-16 16:10:54 status half-configured snapd:amd64 2.45.1+18.04.2
2020-07-16 16:10:56 status installed snapd:amd64 2.45.1+18.04.2
2020-07-16 16:10:56 trigproc mime-support:all 3.60ubuntu1 <none>
2020-07-16 16:10:56 status half-configured mime-support:all 3.60ubuntu1
2020-07-16 16:10:56 status installed mime-support:all 3.60ubuntu1
2020-07-16 16:10:56 trigproc man-db:amd64 2.8.3-2ubuntu0.1 <none>
2020-07-16 16:10:56 status half-configured man-db:amd64 2.8.3-2ubuntu0.1
2020-07-16 16:10:56 status installed man-db:amd64 2.8.3-2ubuntu0.1
2020-07-21 21:52:15 startup archives unpack
2020-07-21 21:52:15 upgrade linux-libc-dev:amd64 4.15.0-111.112 4.15.0-112.113
2020-07-21 21:52:15 status half-configured linux-libc-dev:amd64 4.15.0-111.112
2020-07-21 21:52:15 status unpacked linux-libc-dev:amd64 4.15.0-111.112
2020-07-21 21:52:15 status half-installed linux-libc-dev:amd64 4.15.0-111.112
2020-07-21 21:52:16 status half-installed linux-libc-dev:amd64 4.15.0-111.112
2020-07-21 21:52:16 status unpacked linux-libc-dev:amd64 4.15.0-112.113
2020-07-21 21:52:16 status unpacked linux-libc-dev:amd64 4.15.0-112.113
2020-07-21 21:52:16 startup packages configure
2020-07-21 21:52:16 configure linux-libc-dev:amd64 4.15.0-112.113 <none>
2020-07-21 21:52:16 status unpacked linux-libc-dev:amd64 4.15.0-112.113
2020-07-21 21:52:16 status half-configured linux-libc-dev:amd64 4.15.0-112.113
2020-07-21 21:52:16 status installed linux-libc-dev:amd64 4.15.0-112.113
2020-07-21 21:52:18 startup archives unpack
2020-07-21 21:52:18 install linux-headers-4.15.0-112:all <none> 4.15.0-112.113
2020-07-21 21:52:18 status half-installed linux-headers-4.15.0-112:all 4.15.0-112.113
2020-07-21 21:52:22 status unpacked linux-headers-4.15.0-112:all 4.15.0-112.113
2020-07-21 21:52:22 status unpacked linux-headers-4.15.0-112:all 4.15.0-112.113
2020-07-21 21:52:22 install linux-headers-4.15.0-112-generic:amd64 <none> 4.15.0-112.113
2020-07-21 21:52:22 status half-installed linux-headers-4.15.0-112-generic:amd64 4.15.0-112.113
2020-07-21 21:52:24 status unpacked linux-headers-4.15.0-112-generic:amd64 4.15.0-112.113
2020-07-21 21:52:24 status unpacked linux-headers-4.15.0-112-generic:amd64 4.15.0-112.113
2020-07-21 21:52:24 install linux-modules-4.15.0-112-generic:amd64 <none> 4.15.0-112.113
2020-07-21 21:52:24 status half-installed linux-modules-4.15.0-112-generic:amd64 4.15.0-112.113
2020-07-21 21:52:25 status unpacked linux-modules-4.15.0-112-generic:amd64 4.15.0-112.113
2020-07-21 21:52:25 status unpacked linux-modules-4.15.0-112-generic:amd64 4.15.0-112.113
2020-07-21 21:52:25 install linux-image-4.15.0-112-generic:amd64 <none> 4.15.0-112.113
2020-07-21 21:52:25 status half-installed linux-image-4.15.0-112-generic:amd64 4.15.0-112.113
2020-07-21 21:52:25 status unpacked linux-image-4.15.0-112-generic:amd64 4.15.0-112.113
2020-07-21 21:52:25 status unpacked linux-image-4.15.0-112-generic:amd64 4.15.0-112.113
2020-07-21 21:52:25 upgrade linux-virtual:amd64 4.15.0.111.99 4.15.0.112.100
2020-07-21 21:52:25 status half-configured linux-virtual:amd64 4.15.0.111.99
2020-07-21 21:52:25 status unpacked linux-virtual:amd64 4.15.0.111.99
2020-07-21 21:52:25 status half-installed linux-virtual:amd64 4.15.0.111.99
2020-07-21 21:52:25 status half-installed linux-virtual:amd64 4.15.0.111.99
2020-07-21 21:52:25 status unpacked linux-virtual:amd64 4.15.0.112.100
2020-07-21 21:52:25 status unpacked linux-virtual:amd64 4.15.0.112.100
2020-07-21 21:52:26 upgrade linux-image-virtual:amd64 4.15.0.111.99 4.15.0.112.100
2020-07-21 21:52:26 status half-configured linux-image-virtual:amd64 4.15.0.111.99
2020-07-21 21:52:26 status unpacked linux-image-virtual:amd64 4.15.0.111.99
2020-07-21 21:52:26 status half-installed linux-image-virtual:amd64 4.15.0.111.99
2020-07-21 21:52:26 status half-installed linux-image-virtual:amd64 4.15.0.111.99
2020-07-21 21:52:26 status unpacked linux-image-virtual:amd64 4.15.0.112.100
2020-07-21 21:52:26 status unpacked linux-image-virtual:amd64 4.15.0.112.100
2020-07-21 21:52:26 upgrade linux-headers-virtual:amd64 4.15.0.111.99 4.15.0.112.100
2020-07-21 21:52:26 status half-configured linux-headers-virtual:amd64 4.15.0.111.99
2020-07-21 21:52:26 status unpacked linux-headers-virtual:amd64 4.15.0.111.99
2020-07-21 21:52:26 status half-installed linux-headers-virtual:amd64 4.15.0.111.99
2020-07-21 21:52:26 status half-installed linux-headers-virtual:amd64 4.15.0.111.99
2020-07-21 21:52:26 status unpacked linux-headers-virtual:amd64 4.15.0.112.100
2020-07-21 21:52:26 status unpacked linux-headers-virtual:amd64 4.15.0.112.100
2020-07-21 21:52:26 upgrade linux-headers-generic:amd64 4.15.0.111.99 4.15.0.112.100
2020-07-21 21:52:26 status half-configured linux-headers-generic:amd64 4.15.0.111.99
2020-07-21 21:52:26 status unpacked linux-headers-generic:amd64 4.15.0.111.99
2020-07-21 21:52:26 status half-installed linux-headers-generic:amd64 4.15.0.111.99
2020-07-21 21:52:26 status half-installed linux-headers-generic:amd64 4.15.0.111.99
2020-07-21 21:52:26 status unpacked linux-headers-generic:amd64 4.15.0.112.100
2020-07-21 21:52:26 status unpacked linux-headers-generic:amd64 4.15.0.112.100
2020-07-21 21:52:26 startup packages configure
2020-07-21 21:52:26 configure linux-modules-4.15.0-112-generic:amd64 4.15.0-112.113 <none>
2020-07-21 21:52:26 status unpacked linux-modules-4.15.0-112-generic:amd64 4.15.0-112.113
2020-07-21 21:52:26 status half-configured linux-modules-4.15.0-112-generic:amd64 4.15.0-112.113
2020-07-21 21:52:26 status installed linux-modules-4.15.0-112-generic:amd64 4.15.0-112.113
2020-07-21 21:52:26 configure linux-headers-4.15.0-112:all 4.15.0-112.113 <none>
2020-07-21 21:52:26 status unpacked linux-headers-4.15.0-112:all 4.15.0-112.113
2020-07-21 21:52:26 status half-configured linux-headers-4.15.0-112:all 4.15.0-112.113
2020-07-21 21:52:26 status installed linux-headers-4.15.0-112:all 4.15.0-112.113
2020-07-21 21:52:26 configure linux-image-4.15.0-112-generic:amd64 4.15.0-112.113 <none>
2020-07-21 21:52:26 status unpacked linux-image-4.15.0-112-generic:amd64 4.15.0-112.113
2020-07-21 21:52:26 status half-configured linux-image-4.15.0-112-generic:amd64 4.15.0-112.113
2020-07-21 21:52:26 status installed linux-image-4.15.0-112-generic:amd64 4.15.0-112.113
2020-07-21 21:52:26 status triggers-pending linux-image-4.15.0-112-generic:amd64 4.15.0-112.113
2020-07-21 21:52:26 configure linux-image-virtual:amd64 4.15.0.112.100 <none>
2020-07-21 21:52:26 status unpacked linux-image-virtual:amd64 4.15.0.112.100
2020-07-21 21:52:26 status half-configured linux-image-virtual:amd64 4.15.0.112.100
2020-07-21 21:52:26 status installed linux-image-virtual:amd64 4.15.0.112.100
2020-07-21 21:52:26 configure linux-headers-4.15.0-112-generic:amd64 4.15.0-112.113 <none>
2020-07-21 21:52:26 status unpacked linux-headers-4.15.0-112-generic:amd64 4.15.0-112.113
2020-07-21 21:52:26 status half-configured linux-headers-4.15.0-112-generic:amd64 4.15.0-112.113
2020-07-21 21:52:26 status installed linux-headers-4.15.0-112-generic:amd64 4.15.0-112.113
2020-07-21 21:52:26 configure linux-headers-generic:amd64 4.15.0.112.100 <none>
2020-07-21 21:52:26 status unpacked linux-headers-generic:amd64 4.15.0.112.100
2020-07-21 21:52:26 status half-configured linux-headers-generic:amd64 4.15.0.112.100
2020-07-21 21:52:26 status installed linux-headers-generic:amd64 4.15.0.112.100
2020-07-21 21:52:26 configure linux-headers-virtual:amd64 4.15.0.112.100 <none>
2020-07-21 21:52:26 status unpacked linux-headers-virtual:amd64 4.15.0.112.100
2020-07-21 21:52:26 status half-configured linux-headers-virtual:amd64 4.15.0.112.100
2020-07-21 21:52:26 status installed linux-headers-virtual:amd64 4.15.0.112.100
2020-07-21 21:52:26 configure linux-virtual:amd64 4.15.0.112.100 <none>
2020-07-21 21:52:26 status unpacked linux-virtual:amd64 4.15.0.112.100
2020-07-21 21:52:26 status half-configured linux-virtual:amd64 4.15.0.112.100
2020-07-21 21:52:26 status installed linux-virtual:amd64 4.15.0.112.100
2020-07-21 21:52:26 trigproc linux-image-4.15.0-112-generic:amd64 4.15.0-112.113 <none>
2020-07-21 21:52:26 status half-configured linux-image-4.15.0-112-generic:amd64 4.15.0-112.113
2020-07-21 21:52:59 status installed linux-image-4.15.0-112-generic:amd64 4.15.0-112.113
2020-07-22 15:09:40 startup packages remove
2020-07-22 15:09:40 status installed linux-image-4.15.0-109-generic:amd64 4.15.0-109.110
2020-07-22 15:09:40 remove linux-image-4.15.0-109-generic:amd64 4.15.0-109.110 <none>
2020-07-22 15:09:40 status half-configured linux-image-4.15.0-109-generic:amd64 4.15.0-109.110
2020-07-22 15:09:40 status half-installed linux-image-4.15.0-109-generic:amd64 4.15.0-109.110
2020-07-22 15:09:42 status config-files linux-image-4.15.0-109-generic:amd64 4.15.0-109.110
2020-07-22 15:09:42 status config-files linux-image-4.15.0-109-generic:amd64 4.15.0-109.110
2020-07-22 15:09:42 status installed linux-modules-4.15.0-109-generic:amd64 4.15.0-109.110
2020-07-22 15:09:42 remove linux-modules-4.15.0-109-generic:amd64 4.15.0-109.110 <none>
2020-07-22 15:09:42 status half-configured linux-modules-4.15.0-109-generic:amd64 4.15.0-109.110
2020-07-22 15:09:42 status half-installed linux-modules-4.15.0-109-generic:amd64 4.15.0-109.110
2020-07-22 15:09:42 status config-files linux-modules-4.15.0-109-generic:amd64 4.15.0-109.110
2020-07-22 15:09:42 status config-files linux-modules-4.15.0-109-generic:amd64 4.15.0-109.110
2020-07-22 15:09:43 startup packages configure
2020-07-22 15:09:48 startup archives unpack
2020-07-22 15:09:48 upgrade python2.7:amd64 2.7.17-1~18.04ubuntu1 2.7.17-1~18.04ubuntu1.1
2020-07-22 15:09:48 status half-configured python2.7:amd64 2.7.17-1~18.04ubuntu1
2020-07-22 15:09:48 status unpacked python2.7:amd64 2.7.17-1~18.04ubuntu1
2020-07-22 15:09:48 status half-installed python2.7:amd64 2.7.17-1~18.04ubuntu1
2020-07-22 15:09:48 status triggers-pending mime-support:all 3.60ubuntu1
2020-07-22 15:09:48 status triggers-pending man-db:amd64 2.8.3-2ubuntu0.1
2020-07-22 15:09:48 status half-installed python2.7:amd64 2.7.17-1~18.04ubuntu1
2020-07-22 15:09:48 status unpacked python2.7:amd64 2.7.17-1~18.04ubuntu1.1
2020-07-22 15:09:48 status unpacked python2.7:amd64 2.7.17-1~18.04ubuntu1.1
2020-07-22 15:09:48 upgrade libpython2.7-stdlib:amd64 2.7.17-1~18.04ubuntu1 2.7.17-1~18.04ubuntu1.1
2020-07-22 15:09:48 status half-configured libpython2.7-stdlib:amd64 2.7.17-1~18.04ubuntu1
2020-07-22 15:09:48 status unpacked libpython2.7-stdlib:amd64 2.7.17-1~18.04ubuntu1
2020-07-22 15:09:48 status half-installed libpython2.7-stdlib:amd64 2.7.17-1~18.04ubuntu1
2020-07-22 15:09:48 status half-installed libpython2.7-stdlib:amd64 2.7.17-1~18.04ubuntu1
2020-07-22 15:09:49 status unpacked libpython2.7-stdlib:amd64 2.7.17-1~18.04ubuntu1.1
2020-07-22 15:09:49 status unpacked libpython2.7-stdlib:amd64 2.7.17-1~18.04ubuntu1.1
2020-07-22 15:09:49 upgrade python2.7-minimal:amd64 2.7.17-1~18.04ubuntu1 2.7.17-1~18.04ubuntu1.1
2020-07-22 15:09:49 status half-configured python2.7-minimal:amd64 2.7.17-1~18.04ubuntu1
2020-07-22 15:09:49 status unpacked python2.7-minimal:amd64 2.7.17-1~18.04ubuntu1
2020-07-22 15:09:49 status half-installed python2.7-minimal:amd64 2.7.17-1~18.04ubuntu1
2020-07-22 15:09:49 status half-installed python2.7-minimal:amd64 2.7.17-1~18.04ubuntu1
2020-07-22 15:09:49 status unpacked python2.7-minimal:amd64 2.7.17-1~18.04ubuntu1.1
2020-07-22 15:09:49 status unpacked python2.7-minimal:amd64 2.7.17-1~18.04ubuntu1.1
2020-07-22 15:09:49 upgrade libpython2.7-minimal:amd64 2.7.17-1~18.04ubuntu1 2.7.17-1~18.04ubuntu1.1
2020-07-22 15:09:49 status half-configured libpython2.7-minimal:amd64 2.7.17-1~18.04ubuntu1
2020-07-22 15:09:49 status unpacked libpython2.7-minimal:amd64 2.7.17-1~18.04ubuntu1
2020-07-22 15:09:49 status half-installed libpython2.7-minimal:amd64 2.7.17-1~18.04ubuntu1
2020-07-22 15:09:49 status half-installed libpython2.7-minimal:amd64 2.7.17-1~18.04ubuntu1
2020-07-22 15:09:49 status unpacked libpython2.7-minimal:amd64 2.7.17-1~18.04ubuntu1.1
2020-07-22 15:09:49 status unpacked libpython2.7-minimal:amd64 2.7.17-1~18.04ubuntu1.1
2020-07-22 15:09:49 startup packages configure
2020-07-22 15:09:49 configure libpython2.7-minimal:amd64 2.7.17-1~18.04ubuntu1.1 <none>
2020-07-22 15:09:49 status unpacked libpython2.7-minimal:amd64 2.7.17-1~18.04ubuntu1.1
2020-07-22 15:09:49 status unpacked libpython2.7-minimal:amd64 2.7.17-1~18.04ubuntu1.1
2020-07-22 15:09:49 status half-configured libpython2.7-minimal:amd64 2.7.17-1~18.04ubuntu1.1
2020-07-22 15:09:49 status installed libpython2.7-minimal:amd64 2.7.17-1~18.04ubuntu1.1
2020-07-22 15:09:49 configure libpython2.7-stdlib:amd64 2.7.17-1~18.04ubuntu1.1 <none>
2020-07-22 15:09:49 status unpacked libpython2.7-stdlib:amd64 2.7.17-1~18.04ubuntu1.1
2020-07-22 15:09:49 status half-configured libpython2.7-stdlib:amd64 2.7.17-1~18.04ubuntu1.1
2020-07-22 15:09:49 status installed libpython2.7-stdlib:amd64 2.7.17-1~18.04ubuntu1.1
2020-07-22 15:09:49 configure python2.7-minimal:amd64 2.7.17-1~18.04ubuntu1.1 <none>
2020-07-22 15:09:49 status unpacked python2.7-minimal:amd64 2.7.17-1~18.04ubuntu1.1
2020-07-22 15:09:49 status half-configured python2.7-minimal:amd64 2.7.17-1~18.04ubuntu1.1
2020-07-22 15:09:49 status installed python2.7-minimal:amd64 2.7.17-1~18.04ubuntu1.1
2020-07-22 15:09:49 configure python2.7:amd64 2.7.17-1~18.04ubuntu1.1 <none>
2020-07-22 15:09:49 status unpacked python2.7:amd64 2.7.17-1~18.04ubuntu1.1
2020-07-22 15:09:49 status half-configured python2.7:amd64 2.7.17-1~18.04ubuntu1.1
2020-07-22 15:09:50 status installed python2.7:amd64 2.7.17-1~18.04ubuntu1.1
2020-07-22 15:09:50 trigproc mime-support:all 3.60ubuntu1 <none>
2020-07-22 15:09:50 status half-configured mime-support:all 3.60ubuntu1
2020-07-22 15:09:50 status installed mime-support:all 3.60ubuntu1
2020-07-22 15:09:50 trigproc man-db:amd64 2.8.3-2ubuntu0.1 <none>
2020-07-22 15:09:50 status half-configured man-db:amd64 2.8.3-2ubuntu0.1
2020-07-22 15:09:51 status installed man-db:amd64 2.8.3-2ubuntu0.1
2020-07-22 15:09:53 startup archives unpack
2020-07-22 15:09:53 upgrade libpython3.6:amd64 3.6.9-1~18.04ubuntu1 3.6.9-1~18.04ubuntu1.1
2020-07-22 15:09:53 status triggers-pending libc-bin:amd64 2.27-3ubuntu1.2
2020-07-22 15:09:53 status half-configured libpython3.6:amd64 3.6.9-1~18.04ubuntu1
2020-07-22 15:09:53 status unpacked libpython3.6:amd64 3.6.9-1~18.04ubuntu1
2020-07-22 15:09:53 status half-installed libpython3.6:amd64 3.6.9-1~18.04ubuntu1
2020-07-22 15:09:53 status half-installed libpython3.6:amd64 3.6.9-1~18.04ubuntu1
2020-07-22 15:09:53 status unpacked libpython3.6:amd64 3.6.9-1~18.04ubuntu1.1
2020-07-22 15:09:53 status unpacked libpython3.6:amd64 3.6.9-1~18.04ubuntu1.1
2020-07-22 15:09:53 upgrade python3.6:amd64 3.6.9-1~18.04ubuntu1 3.6.9-1~18.04ubuntu1.1
2020-07-22 15:09:53 status half-configured python3.6:amd64 3.6.9-1~18.04ubuntu1
2020-07-22 15:09:53 status unpacked python3.6:amd64 3.6.9-1~18.04ubuntu1
2020-07-22 15:09:53 status half-installed python3.6:amd64 3.6.9-1~18.04ubuntu1
2020-07-22 15:09:53 status triggers-pending mime-support:all 3.60ubuntu1
2020-07-22 15:09:53 status triggers-pending man-db:amd64 2.8.3-2ubuntu0.1
2020-07-22 15:09:53 status half-installed python3.6:amd64 3.6.9-1~18.04ubuntu1
2020-07-22 15:09:53 status unpacked python3.6:amd64 3.6.9-1~18.04ubuntu1.1
2020-07-22 15:09:53 status unpacked python3.6:amd64 3.6.9-1~18.04ubuntu1.1
2020-07-22 15:09:53 upgrade libpython3.6-stdlib:amd64 3.6.9-1~18.04ubuntu1 3.6.9-1~18.04ubuntu1.1
2020-07-22 15:09:53 status half-configured libpython3.6-stdlib:amd64 3.6.9-1~18.04ubuntu1
2020-07-22 15:09:53 status unpacked libpython3.6-stdlib:amd64 3.6.9-1~18.04ubuntu1
2020-07-22 15:09:53 status half-installed libpython3.6-stdlib:amd64 3.6.9-1~18.04ubuntu1
2020-07-22 15:09:54 status half-installed libpython3.6-stdlib:amd64 3.6.9-1~18.04ubuntu1
2020-07-22 15:09:54 status unpacked libpython3.6-stdlib:amd64 3.6.9-1~18.04ubuntu1.1
2020-07-22 15:09:54 status unpacked libpython3.6-stdlib:amd64 3.6.9-1~18.04ubuntu1.1
2020-07-22 15:09:54 upgrade python3.6-minimal:amd64 3.6.9-1~18.04ubuntu1 3.6.9-1~18.04ubuntu1.1
2020-07-22 15:09:54 status half-configured python3.6-minimal:amd64 3.6.9-1~18.04ubuntu1
2020-07-22 15:09:54 status unpacked python3.6-minimal:amd64 3.6.9-1~18.04ubuntu1
2020-07-22 15:09:54 status half-installed python3.6-minimal:amd64 3.6.9-1~18.04ubuntu1
2020-07-22 15:09:54 status half-installed python3.6-minimal:amd64 3.6.9-1~18.04ubuntu1
2020-07-22 15:09:54 status unpacked python3.6-minimal:amd64 3.6.9-1~18.04ubuntu1.1
2020-07-22 15:09:54 status unpacked python3.6-minimal:amd64 3.6.9-1~18.04ubuntu1.1
2020-07-22 15:09:54 upgrade libpython3.6-minimal:amd64 3.6.9-1~18.04ubuntu1 3.6.9-1~18.04ubuntu1.1
2020-07-22 15:09:54 status half-configured libpython3.6-minimal:amd64 3.6.9-1~18.04ubuntu1
2020-07-22 15:09:54 status unpacked libpython3.6-minimal:amd64 3.6.9-1~18.04ubuntu1
2020-07-22 15:09:54 status half-installed libpython3.6-minimal:amd64 3.6.9-1~18.04ubuntu1
2020-07-22 15:09:54 status half-installed libpython3.6-minimal:amd64 3.6.9-1~18.04ubuntu1
2020-07-22 15:09:54 status unpacked libpython3.6-minimal:amd64 3.6.9-1~18.04ubuntu1.1
2020-07-22 15:09:54 status unpacked libpython3.6-minimal:amd64 3.6.9-1~18.04ubuntu1.1
2020-07-22 15:09:54 startup packages configure
2020-07-22 15:09:54 configure libpython3.6-minimal:amd64 3.6.9-1~18.04ubuntu1.1 <none>
2020-07-22 15:09:54 status unpacked libpython3.6-minimal:amd64 3.6.9-1~18.04ubuntu1.1
2020-07-22 15:09:54 status unpacked libpython3.6-minimal:amd64 3.6.9-1~18.04ubuntu1.1
2020-07-22 15:09:54 status half-configured libpython3.6-minimal:amd64 3.6.9-1~18.04ubuntu1.1
2020-07-22 15:09:54 status installed libpython3.6-minimal:amd64 3.6.9-1~18.04ubuntu1.1
2020-07-22 15:09:54 configure libpython3.6-stdlib:amd64 3.6.9-1~18.04ubuntu1.1 <none>
2020-07-22 15:09:54 status unpacked libpython3.6-stdlib:amd64 3.6.9-1~18.04ubuntu1.1
2020-07-22 15:09:54 status half-configured libpython3.6-stdlib:amd64 3.6.9-1~18.04ubuntu1.1
2020-07-22 15:09:54 status installed libpython3.6-stdlib:amd64 3.6.9-1~18.04ubuntu1.1
2020-07-22 15:09:54 configure python3.6-minimal:amd64 3.6.9-1~18.04ubuntu1.1 <none>
2020-07-22 15:09:54 status unpacked python3.6-minimal:amd64 3.6.9-1~18.04ubuntu1.1
2020-07-22 15:09:54 status half-configured python3.6-minimal:amd64 3.6.9-1~18.04ubuntu1.1
2020-07-22 15:09:55 status installed python3.6-minimal:amd64 3.6.9-1~18.04ubuntu1.1
2020-07-22 15:09:55 configure libpython3.6:amd64 3.6.9-1~18.04ubuntu1.1 <none>
2020-07-22 15:09:55 status unpacked libpython3.6:amd64 3.6.9-1~18.04ubuntu1.1
2020-07-22 15:09:55 status half-configured libpython3.6:amd64 3.6.9-1~18.04ubuntu1.1
2020-07-22 15:09:55 status installed libpython3.6:amd64 3.6.9-1~18.04ubuntu1.1
2020-07-22 15:09:55 configure python3.6:amd64 3.6.9-1~18.04ubuntu1.1 <none>
2020-07-22 15:09:55 status unpacked python3.6:amd64 3.6.9-1~18.04ubuntu1.1
2020-07-22 15:09:55 status half-configured python3.6:amd64 3.6.9-1~18.04ubuntu1.1
2020-07-22 15:09:55 status installed python3.6:amd64 3.6.9-1~18.04ubuntu1.1
2020-07-22 15:09:55 trigproc libc-bin:amd64 2.27-3ubuntu1.2 <none>
2020-07-22 15:09:55 status half-configured libc-bin:amd64 2.27-3ubuntu1.2
2020-07-22 15:09:55 status installed libc-bin:amd64 2.27-3ubuntu1.2
2020-07-22 15:09:55 trigproc man-db:amd64 2.8.3-2ubuntu0.1 <none>
2020-07-22 15:09:55 status half-configured man-db:amd64 2.8.3-2ubuntu0.1
2020-07-22 15:09:56 status installed man-db:amd64 2.8.3-2ubuntu0.1
2020-07-22 15:09:56 trigproc mime-support:all 3.60ubuntu1 <none>
2020-07-22 15:09:56 status half-configured mime-support:all 3.60ubuntu1
2020-07-22 15:09:56 status installed mime-support:all 3.60ubuntu1
2020-07-24 15:07:21 startup archives unpack
2020-07-24 15:07:21 upgrade libseccomp2:amd64 2.4.3-1ubuntu3.18.04.2 2.4.3-1ubuntu3.18.04.3
2020-07-24 15:07:21 status triggers-pending libc-bin:amd64 2.27-3ubuntu1.2
2020-07-24 15:07:21 status half-configured libseccomp2:amd64 2.4.3-1ubuntu3.18.04.2
2020-07-24 15:07:21 status unpacked libseccomp2:amd64 2.4.3-1ubuntu3.18.04.2
2020-07-24 15:07:21 status half-installed libseccomp2:amd64 2.4.3-1ubuntu3.18.04.2
2020-07-24 15:07:21 status half-installed libseccomp2:amd64 2.4.3-1ubuntu3.18.04.2
2020-07-24 15:07:21 status unpacked libseccomp2:amd64 2.4.3-1ubuntu3.18.04.3
2020-07-24 15:07:21 status unpacked libseccomp2:amd64 2.4.3-1ubuntu3.18.04.3
2020-07-24 15:07:21 startup packages configure
2020-07-24 15:07:21 configure libseccomp2:amd64 2.4.3-1ubuntu3.18.04.3 <none>
2020-07-24 15:07:21 status unpacked libseccomp2:amd64 2.4.3-1ubuntu3.18.04.3
2020-07-24 15:07:21 status half-configured libseccomp2:amd64 2.4.3-1ubuntu3.18.04.3
2020-07-24 15:07:21 status installed libseccomp2:amd64 2.4.3-1ubuntu3.18.04.3
2020-07-24 15:07:21 startup packages configure
2020-07-24 15:07:21 trigproc libc-bin:amd64 2.27-3ubuntu1.2 <none>
2020-07-24 15:07:21 status half-configured libc-bin:amd64 2.27-3ubuntu1.2
2020-07-24 15:07:21 status installed libc-bin:amd64 2.27-3ubuntu1.2
